\BOOKMARK [1][-]{section.1}{Introduction}{}% 1
\BOOKMARK [2][-]{subsection.1.1}{Background}{section.1}% 2
\BOOKMARK [2][-]{subsection.1.2}{Statment\040of\040the\040problem}{section.1}% 3
\BOOKMARK [1][-]{section.2}{Components\040of\040the\040model}{}% 4
\BOOKMARK [1][-]{section.3}{Measuring\040the\040scope\040of\040People\040at\040risk}{}% 5
\BOOKMARK [2][-]{subsection.3.1}{Prediction\040of\040sea\040level\040rise}{section.3}% 6
\BOOKMARK [2][-]{subsection.3.2}{Prediction\040of\040the\040number\040of\040EDPs}{section.3}% 7
\BOOKMARK [1][-]{section.4}{The\040risk\040of\040loss\040of\040culture}{}% 8
\BOOKMARK [2][-]{subsection.4.1}{Risk\040assessment\040model\040for\040cultural\040loss}{section.4}% 9
\BOOKMARK [2][-]{subsection.4.2}{Cultural\040communication\040model\040based\040on\040cellular\040automata}{section.4}% 10
\BOOKMARK [1][-]{section.5}{Proposal\040of\040policies}{}% 11
\BOOKMARK [2][-]{subsection.5.1}{Measuring\040the\040benefits\040and\040cost}{section.5}% 12
\BOOKMARK [2][-]{subsection.5.2}{Policy\040considerations\040for\040the\040reception\040of\040EDPs}{section.5}% 13
\BOOKMARK [3][-]{subsubsection.5.2.1}{Nations'\040contribution\040to\040the\040green-house\040gasses}{subsection.5.2}% 14
\BOOKMARK [3][-]{subsubsection.5.2.2}{The\040ratio\040of\040compulsory\040acceptance}{subsection.5.2}% 15
\BOOKMARK [3][-]{subsubsection.5.2.3}{A\040game\040theory\040model\040of\040EDPs\040and\040receiving\040country}{subsection.5.2}% 16
\BOOKMARK [2][-]{subsection.5.3}{Policy\040assessment\040model}{section.5}% 17
\BOOKMARK [1][-]{section.6}{Strengths\040and\040weaknesses}{}% 18
\BOOKMARK [2][-]{subsection.6.1}{Strengths}{section.6}% 19
\BOOKMARK [2][-]{subsection.6.2}{Weaknesses}{section.6}% 20
\BOOKMARK [1][-]{section*.2}{Appendices}{}% 21
\BOOKMARK [1][-]{Appendix.a.A}{Appendix\040self-correlation\040and\040partial\040correlation\040analysis}{}% 22
\BOOKMARK [1][-]{Appendix.a.B}{Appendix\040Matrices\040of\040AHP}{}% 23
\BOOKMARK [1][-]{Appendix.a.C}{Appendix\040A\040rational\040migration\040path\040plan}{}% 24
